<?xml version="1.0" encoding="UTF-8"?>
<testng-results ignored="0" total="4" passed="4" failed="0" skipped="0">
  <reporter-output>
  </reporter-output>
  <suite started-at="2023-09-02T21:00:56 IST" name="Default suite" finished-at="2023-09-02T21:00:56 IST" duration-ms="141">
    <groups>
    </groups>
    <test started-at="2023-09-02T21:00:56 IST" name="Default test" finished-at="2023-09-02T21:00:56 IST" duration-ms="141">
      <class name="MyPractise.priority">
        <test-method signature="method2()[pri:0, instance:MyPractise.priority@4562e04d]" started-at="2023-09-02T21:00:56 IST" name="method2" finished-at="2023-09-02T21:00:56 IST" duration-ms="20" status="PASS">
          <reporter-output>
          </reporter-output>
        </test-method> <!-- method2 -->
        <test-method signature="method1()[pri:1, instance:MyPractise.priority@4562e04d]" started-at="2023-09-02T21:00:56 IST" name="method1" finished-at="2023-09-02T21:00:56 IST" duration-ms="3" status="PASS">
          <reporter-output>
          </reporter-output>
        </test-method> <!-- method1 -->
        <test-method signature="method3()[pri:2, instance:MyPractise.priority@4562e04d]" started-at="2023-09-02T21:00:56 IST" name="method3" finished-at="2023-09-02T21:00:56 IST" duration-ms="2" status="PASS">
          <reporter-output>
          </reporter-output>
        </test-method> <!-- method3 -->
        <test-method signature="method4()[pri:3, instance:MyPractise.priority@4562e04d]" started-at="2023-09-02T21:00:56 IST" name="method4" finished-at="2023-09-02T21:00:56 IST" duration-ms="2" status="PASS">
          <reporter-output>
          </reporter-output>
        </test-method> <!-- method4 -->
      </class> <!-- MyPractise.priority -->
    </test> <!-- Default test -->
  </suite> <!-- Default suite -->
</testng-results>
